# JRE version: OpenJDK Runtime Environment Temurin-21.0.8+9 (21.0.8+9) (build 21.0.8+9-LTS)
# Java VM: OpenJDK 64-Bit Server VM Temurin-21.0.8+9 (21.0.8+9-LTS, mixed mode, sharing, tiered, compressed oops, compressed class ptrs, parallel gc, windows-amd64)
GC Precious Log:
 CardTable entry size: 512
 CPUs: 6 total, 6 available
 Memory: 7502M
 Large Page Support: Disabled
 NUMA Support: Disabled
 Compressed Oops: Enabled (32-bit)
 Alignments: Space 512K, Generation 512K, Heap 2M
 Heap Min Capacity: 100M
 Heap Initial Capacity: 100M
 Heap Max Capacity: 2G
 Pre-touch: Disabled
 Parallel Workers: 6
Heap:
 PSYoungGen      total 12800K, used 12748K [0x00000000d5580000, 0x00000000d6580000, 0x0000000100000000)
  eden space 12288K, 99% used [0x00000000d5580000,0x00000000d61786a8,0x00000000d6180000)
  from space 512K, 95% used [0x00000000d6380000,0x00000000d63fa978,0x00000000d6400000)
  to   space 2048K, 0% used [0x00000000d6180000,0x00000000d6180000,0x00000000d6380000)
 ParOldGen       total 136192K, used 103119K [0x0000000080000000, 0x0000000088500000, 0x00000000d5580000)
  object space 136192K, 75% used [0x0000000080000000,0x00000000864b3f48,0x0000000088500000)
 Metaspace       used 71544K, committed 73152K, reserved 1114112K
  class space    used 7435K, committed 8128K, reserved 1048576K
GC Heap History (20 events):
Event: 1061.680 GC heap before
{Heap before GC invocations=120 (full 3):
 PSYoungGen      total 12800K, used 12506K [0x00000000d5580000, 0x00000000d6300000, 0x0000000100000000)
  eden space 12288K, 100% used [0x00000000d5580000,0x00000000d6180000,0x00000000d6180000)
  from space 512K, 42% used [0x00000000d6280000,0x00000000d62b6900,0x00000000d6300000)
  to   space 512K, 0% used [0x00000000d6200000,0x00000000d6200000,0x00000000d6280000)
 ParOldGen       total 136192K, used 98597K [0x0000000080000000, 0x0000000088500000, 0x00000000d5580000)
  object space 136192K, 72% used [0x0000000080000000,0x00000000860494b8,0x0000000088500000)
 Metaspace       used 68553K, committed 70144K, reserved 1114112K
  class space    used 7058K, committed 7744K, reserved 1048576K
}
Event: 1061.681 GC heap after
{Heap after GC invocations=120 (full 3):
 PSYoungGen      total 12800K, used 388K [0x00000000d5580000, 0x00000000d6300000, 0x0000000100000000)
  eden space 12288K, 0% used [0x00000000d5580000,0x00000000d5580000,0x00000000d6180000)
  from space 512K, 75% used [0x00000000d6200000,0x00000000d6261298,0x00000000d6280000)
  to   space 512K, 0% used [0x00000000d6280000,0x00000000d6280000,0x00000000d6300000)
 ParOldGen       total 136192K, used 98641K [0x0000000080000000, 0x0000000088500000, 0x00000000d5580000)
  object space 136192K, 72% used [0x0000000080000000,0x0000000086054588,0x0000000088500000)
 Metaspace       used 68553K, committed 70144K, reserved 1114112K
  class space    used 7058K, committed 7744K, reserved 1048576K
}
Event: 1062.960 GC heap before
{Heap before GC invocations=121 (full 3):
 PSYoungGen      total 12800K, used 12676K [0x00000000d5580000, 0x00000000d6300000, 0x0000000100000000)
  eden space 12288K, 100% used [0x00000000d5580000,0x00000000d6180000,0x00000000d6180000)
  from space 512K, 75% used [0x00000000d6200000,0x00000000d6261298,0x00000000d6280000)
  to   space 512K, 0% used [0x00000000d6280000,0x00000000d6280000,0x00000000d6300000)
 ParOldGen       total 136192K, used 98641K [0x0000000080000000, 0x0000000088500000, 0x00000000d5580000)
  object space 136192K, 72% used [0x0000000080000000,0x0000000086054588,0x0000000088500000)
 Metaspace       used 68672K, committed 70272K, reserved 1114112K
  class space    used 7058K, committed 7744K, reserved 1048576K
}
Event: 1062.961 GC heap after
{Heap after GC invocations=121 (full 3):
 PSYoungGen      total 12800K, used 308K [0x00000000d5580000, 0x00000000d6300000, 0x0000000100000000)
  eden space 12288K, 0% used [0x00000000d5580000,0x00000000d5580000,0x00000000d6180000)
  from space 512K, 60% used [0x00000000d6280000,0x00000000d62cd200,0x00000000d6300000)
  to   space 512K, 0% used [0x00000000d6200000,0x00000000d6200000,0x00000000d6280000)
 ParOldGen       total 136192K, used 98753K [0x0000000080000000, 0x0000000088500000, 0x00000000d5580000)
  object space 136192K, 72% used [0x0000000080000000,0x00000000860705a8,0x0000000088500000)
 Metaspace       used 68672K, committed 70272K, reserved 1114112K
  class space    used 7058K, committed 7744K, reserved 1048576K
}
Event: 1125.526 GC heap before
{Heap before GC invocations=122 (full 3):
 PSYoungGen      total 12800K, used 12596K [0x00000000d5580000, 0x00000000d6300000, 0x0000000100000000)
  eden space 12288K, 99% used [0x00000000d5580000,0x00000000d617fff0,0x00000000d6180000)
  from space 512K, 60% used [0x00000000d6280000,0x00000000d62cd200,0x00000000d6300000)
  to   space 512K, 0% used [0x00000000d6200000,0x00000000d6200000,0x00000000d6280000)
 ParOldGen       total 136192K, used 98753K [0x0000000080000000, 0x0000000088500000, 0x00000000d5580000)
  object space 136192K, 72% used [0x0000000080000000,0x00000000860705a8,0x0000000088500000)
 Metaspace       used 68737K, committed 70336K, reserved 1114112K
  class space    used 7059K, committed 7744K, reserved 1048576K
}
Event: 1125.528 GC heap after
{Heap after GC invocations=122 (full 3):
 PSYoungGen      total 12800K, used 500K [0x00000000d5580000, 0x00000000d6380000, 0x0000000100000000)
  eden space 12288K, 0% used [0x00000000d5580000,0x00000000d5580000,0x00000000d6180000)
  from space 512K, 97% used [0x00000000d6200000,0x00000000d627d220,0x00000000d6280000)
  to   space 1024K, 0% used [0x00000000d6280000,0x00000000d6280000,0x00000000d6380000)
 ParOldGen       total 136192K, used 98841K [0x0000000080000000, 0x0000000088500000, 0x00000000d5580000)
  object space 136192K, 72% used [0x0000000080000000,0x0000000086086698,0x0000000088500000)
 Metaspace       used 68737K, committed 70336K, reserved 1114112K
  class space    used 7059K, committed 7744K, reserved 1048576K
}
Event: 1508.439 GC heap before
{Heap before GC invocations=123 (full 3):
 PSYoungGen      total 12800K, used 12784K [0x00000000d5580000, 0x00000000d6380000, 0x0000000100000000)
  eden space 12288K, 99% used [0x00000000d5580000,0x00000000d617ef98,0x00000000d6180000)
  from space 512K, 97% used [0x00000000d6200000,0x00000000d627d220,0x00000000d6280000)
  to   space 1024K, 0% used [0x00000000d6280000,0x00000000d6280000,0x00000000d6380000)
 ParOldGen       total 136192K, used 98841K [0x0000000080000000, 0x0000000088500000, 0x00000000d5580000)
  object space 136192K, 72% used [0x0000000080000000,0x0000000086086698,0x0000000088500000)
 Metaspace       used 68763K, committed 70336K, reserved 1114112K
  class space    used 7059K, committed 7744K, reserved 1048576K
}
Event: 1508.441 GC heap after
{Heap after GC invocations=123 (full 3):
 PSYoungGen      total 12800K, used 314K [0x00000000d5580000, 0x00000000d6300000, 0x0000000100000000)
  eden space 12288K, 0% used [0x00000000d5580000,0x00000000d5580000,0x00000000d6180000)
  from space 512K, 61% used [0x00000000d6280000,0x00000000d62ce920,0x00000000d6300000)
  to   space 512K, 0% used [0x00000000d6200000,0x00000000d6200000,0x00000000d6280000)
 ParOldGen       total 136192K, used 99302K [0x0000000080000000, 0x0000000088500000, 0x00000000d5580000)
  object space 136192K, 72% used [0x0000000080000000,0x00000000860f99a0,0x0000000088500000)
 Metaspace       used 68763K, committed 70336K, reserved 1114112K
  class space    used 7059K, committed 7744K, reserved 1048576K
}
Event: 1580.348 GC heap before
{Heap before GC invocations=124 (full 3):
 PSYoungGen      total 12800K, used 12602K [0x00000000d5580000, 0x00000000d6300000, 0x0000000100000000)
  eden space 12288K, 100% used [0x00000000d5580000,0x00000000d6180000,0x00000000d6180000)
  from space 512K, 61% used [0x00000000d6280000,0x00000000d62ce920,0x00000000d6300000)
  to   space 512K, 0% used [0x00000000d6200000,0x00000000d6200000,0x00000000d6280000)
 ParOldGen       total 136192K, used 99302K [0x0000000080000000, 0x0000000088500000, 0x00000000d5580000)
  object space 136192K, 72% used [0x0000000080000000,0x00000000860f99a0,0x0000000088500000)
 Metaspace       used 68859K, committed 70400K, reserved 1114112K
  class space    used 7068K, committed 7744K, reserved 1048576K
}
Event: 1580.352 GC heap after
{Heap after GC invocations=124 (full 3):
 PSYoungGen      total 12800K, used 506K [0x00000000d5580000, 0x00000000d6580000, 0x0000000100000000)
  eden space 12288K, 0% used [0x00000000d5580000,0x00000000d5580000,0x00000000d6180000)
  from space 512K, 98% used [0x00000000d6200000,0x00000000d627e920,0x00000000d6280000)
  to   space 2048K, 0% used [0x00000000d6380000,0x00000000d6380000,0x00000000d6580000)
 ParOldGen       total 136192K, used 100525K [0x0000000080000000, 0x0000000088500000, 0x00000000d5580000)
  object space 136192K, 73% used [0x0000000080000000,0x000000008622b588,0x0000000088500000)
 Metaspace       used 68859K, committed 70400K, reserved 1114112K
  class space    used 7068K, committed 7744K, reserved 1048576K
}
Event: 1580.857 GC heap before
{Heap before GC invocations=125 (full 3):
 PSYoungGen      total 12800K, used 12794K [0x00000000d5580000, 0x00000000d6580000, 0x0000000100000000)
  eden space 12288K, 100% used [0x00000000d5580000,0x00000000d6180000,0x00000000d6180000)
  from space 512K, 98% used [0x00000000d6200000,0x00000000d627e920,0x00000000d6280000)
  to   space 2048K, 0% used [0x00000000d6380000,0x00000000d6380000,0x00000000d6580000)
 ParOldGen       total 136192K, used 100525K [0x0000000080000000, 0x0000000088500000, 0x00000000d5580000)
  object space 136192K, 73% used [0x0000000080000000,0x000000008622b5a0,0x0000000088500000)
 Metaspace       used 69373K, committed 70912K, reserved 1114112K
  class space    used 7152K, committed 7808K, reserved 1048576K
}
Event: 1580.860 GC heap after
{Heap after GC invocations=125 (full 3):
 PSYoungGen      total 13312K, used 524K [0x00000000d5580000, 0x00000000d6480000, 0x0000000100000000)
  eden space 12288K, 0% used [0x00000000d5580000,0x00000000d5580000,0x00000000d6180000)
  from space 1024K, 51% used [0x00000000d6380000,0x00000000d64031c0,0x00000000d6480000)
  to   space 1024K, 0% used [0x00000000d6280000,0x00000000d6280000,0x00000000d6380000)
 ParOldGen       total 136192K, used 101031K [0x0000000080000000, 0x0000000088500000, 0x00000000d5580000)
  object space 136192K, 74% used [0x0000000080000000,0x00000000862a9ed0,0x0000000088500000)
 Metaspace       used 69373K, committed 70912K, reserved 1114112K
  class space    used 7152K, committed 7808K, reserved 1048576K
}
Event: 1581.110 GC heap before
{Heap before GC invocations=126 (full 3):
 PSYoungGen      total 13312K, used 12812K [0x00000000d5580000, 0x00000000d6480000, 0x0000000100000000)
  eden space 12288K, 100% used [0x00000000d5580000,0x00000000d6180000,0x00000000d6180000)
  from space 1024K, 51% used [0x00000000d6380000,0x00000000d64031c0,0x00000000d6480000)
  to   space 1024K, 0% used [0x00000000d6280000,0x00000000d6280000,0x00000000d6380000)
 ParOldGen       total 136192K, used 101280K [0x0000000080000000, 0x0000000088500000, 0x00000000d5580000)
  object space 136192K, 74% used [0x0000000080000000,0x00000000862e83e0,0x0000000088500000)
 Metaspace       used 69906K, committed 71424K, reserved 1114112K
  class space    used 7225K, committed 7872K, reserved 1048576K
}
Event: 1581.113 GC heap after
{Heap after GC invocations=126 (full 3):
 PSYoungGen      total 13312K, used 274K [0x00000000d5580000, 0x00000000d6400000, 0x0000000100000000)
  eden space 12288K, 0% used [0x00000000d5580000,0x00000000d5580000,0x00000000d6180000)
  from space 1024K, 26% used [0x00000000d6280000,0x00000000d62c4800,0x00000000d6380000)
  to   space 512K, 0% used [0x00000000d6380000,0x00000000d6380000,0x00000000d6400000)
 ParOldGen       total 136192K, used 101578K [0x0000000080000000, 0x0000000088500000, 0x00000000d5580000)
  object space 136192K, 74% used [0x0000000080000000,0x0000000086332bd8,0x0000000088500000)
 Metaspace       used 69906K, committed 71424K, reserved 1114112K
  class space    used 7225K, committed 7872K, reserved 1048576K
}
Event: 1581.460 GC heap before
{Heap before GC invocations=127 (full 3):
 PSYoungGen      total 13312K, used 12562K [0x00000000d5580000, 0x00000000d6400000, 0x0000000100000000)
  eden space 12288K, 100% used [0x00000000d5580000,0x00000000d6180000,0x00000000d6180000)
  from space 1024K, 26% used [0x00000000d6280000,0x00000000d62c4800,0x00000000d6380000)
  to   space 512K, 0% used [0x00000000d6380000,0x00000000d6380000,0x00000000d6400000)
 ParOldGen       total 136192K, used 101578K [0x0000000080000000, 0x0000000088500000, 0x00000000d5580000)
  object space 136192K, 74% used [0x0000000080000000,0x0000000086332bd8,0x0000000088500000)
 Metaspace       used 70735K, committed 72384K, reserved 1114112K
  class space    used 7353K, committed 8064K, reserved 1048576K
}
Event: 1581.464 GC heap after
{Heap after GC invocations=127 (full 3):
 PSYoungGen      total 12800K, used 432K [0x00000000d5580000, 0x00000000d6400000, 0x0000000100000000)
  eden space 12288K, 0% used [0x00000000d5580000,0x00000000d5580000,0x00000000d6180000)
  from space 512K, 84% used [0x00000000d6380000,0x00000000d63ec078,0x00000000d6400000)
  to   space 512K, 0% used [0x00000000d6300000,0x00000000d6300000,0x00000000d6380000)
 ParOldGen       total 136192K, used 101715K [0x0000000080000000, 0x0000000088500000, 0x00000000d5580000)
  object space 136192K, 74% used [0x0000000080000000,0x0000000086354c50,0x0000000088500000)
 Metaspace       used 70735K, committed 72384K, reserved 1114112K
  class space    used 7353K, committed 8064K, reserved 1048576K
}
Event: 1581.733 GC heap before
{Heap before GC invocations=128 (full 3):
 PSYoungGen      total 12800K, used 12720K [0x00000000d5580000, 0x00000000d6400000, 0x0000000100000000)
  eden space 12288K, 100% used [0x00000000d5580000,0x00000000d6180000,0x00000000d6180000)
  from space 512K, 84% used [0x00000000d6380000,0x00000000d63ec078,0x00000000d6400000)
  to   space 512K, 0% used [0x00000000d6300000,0x00000000d6300000,0x00000000d6380000)
 ParOldGen       total 136192K, used 101715K [0x0000000080000000, 0x0000000088500000, 0x00000000d5580000)
  object space 136192K, 74% used [0x0000000080000000,0x0000000086354c50,0x0000000088500000)
 Metaspace       used 71125K, committed 72704K, reserved 1114112K
  class space    used 7406K, committed 8064K, reserved 1048576K
}
Event: 1581.735 GC heap after
{Heap after GC invocations=128 (full 3):
 PSYoungGen      total 12800K, used 500K [0x00000000d5580000, 0x00000000d6400000, 0x0000000100000000)
  eden space 12288K, 0% used [0x00000000d5580000,0x00000000d5580000,0x00000000d6180000)
  from space 512K, 97% used [0x00000000d6300000,0x00000000d637d288,0x00000000d6380000)
  to   space 512K, 0% used [0x00000000d6380000,0x00000000d6380000,0x00000000d6400000)
 ParOldGen       total 136192K, used 101971K [0x0000000080000000, 0x0000000088500000, 0x00000000d5580000)
  object space 136192K, 74% used [0x0000000080000000,0x0000000086394c60,0x0000000088500000)
 Metaspace       used 71125K, committed 72704K, reserved 1114112K
  class space    used 7406K, committed 8064K, reserved 1048576K
}
Event: 1720.527 GC heap before
{Heap before GC invocations=129 (full 3):
 PSYoungGen      total 12800K, used 12788K [0x00000000d5580000, 0x00000000d6400000, 0x0000000100000000)
  eden space 12288K, 100% used [0x00000000d5580000,0x00000000d6180000,0x00000000d6180000)
  from space 512K, 97% used [0x00000000d6300000,0x00000000d637d288,0x00000000d6380000)
  to   space 512K, 0% used [0x00000000d6380000,0x00000000d6380000,0x00000000d6400000)
 ParOldGen       total 136192K, used 101971K [0x0000000080000000, 0x0000000088500000, 0x00000000d5580000)
  object space 136192K, 74% used [0x0000000080000000,0x0000000086394c60,0x0000000088500000)
 Metaspace       used 71459K, committed 73024K, reserved 1114112K
  class space    used 7434K, committed 8128K, reserved 1048576K
}
Event: 1720.532 GC heap after
{Heap after GC invocations=129 (full 3):
 PSYoungGen      total 12800K, used 490K [0x00000000d5580000, 0x00000000d6580000, 0x0000000100000000)
  eden space 12288K, 0% used [0x00000000d5580000,0x00000000d5580000,0x00000000d6180000)
  from space 512K, 95% used [0x00000000d6380000,0x00000000d63fa978,0x00000000d6400000)
  to   space 2048K, 0% used [0x00000000d6180000,0x00000000d6180000,0x00000000d6380000)
 ParOldGen       total 136192K, used 103119K [0x0000000080000000, 0x0000000088500000, 0x00000000d5580000)
  object space 136192K, 75% used [0x0000000080000000,0x00000000864b3f48,0x0000000088500000)
 Metaspace       used 71459K, committed 73024K, reserved 1114112K
  class space    used 7434K, committed 8128K, reserved 1048576K
}

