# JRE version: OpenJDK Runtime Environment Temurin-21.0.8+9 (21.0.8+9) (build 21.0.8+9-LTS)
# Java VM: OpenJDK 64-Bit Server VM Temurin-21.0.8+9 (21.0.8+9-LTS, mixed mode, sharing, tiered, compressed oops, compressed class ptrs, parallel gc, windows-amd64)
GC Precious Log:
 CardTable entry size: 512
 CPUs: 6 total, 6 available
 Memory: 7502M
 Large Page Support: Disabled
 NUMA Support: Disabled
 Compressed Oops: Enabled (32-bit)
 Alignments: Space 512K, Generation 512K, Heap 2M
 Heap Min Capacity: 100M
 Heap Initial Capacity: 100M
 Heap Max Capacity: 2G
 Pre-touch: Disabled
 Parallel Workers: 6
Heap:
 PSYoungGen      total 17920K, used 5462K [0x00000000d5580000, 0x00000000d6a80000, 0x0000000100000000)
  eden space 16896K, 28% used [0x00000000d5580000,0x00000000d5a25b18,0x00000000d6600000)
  from space 1024K, 68% used [0x00000000d6880000,0x00000000d6930088,0x00000000d6980000)
  to   space 1024K, 0% used [0x00000000d6980000,0x00000000d6980000,0x00000000d6a80000)
 ParOldGen       total 68608K, used 58834K [0x0000000080000000, 0x0000000084300000, 0x00000000d5580000)
  object space 68608K, 85% used [0x0000000080000000,0x0000000083974840,0x0000000084300000)
 Metaspace       used 68268K, committed 69824K, reserved 1114112K
  class space    used 7231K, committed 7936K, reserved 1048576K
GC Heap History (20 events):
Event: 24.160 GC heap before
{Heap before GC invocations=67 (full 3):
 PSYoungGen      total 19456K, used 19184K [0x00000000d5580000, 0x00000000d6a00000, 0x0000000100000000)
  eden space 18432K, 100% used [0x00000000d5580000,0x00000000d6780000,0x00000000d6780000)
  from space 1024K, 73% used [0x00000000d6780000,0x00000000d683c010,0x00000000d6880000)
  to   space 1024K, 0% used [0x00000000d6900000,0x00000000d6900000,0x00000000d6a00000)
 ParOldGen       total 68608K, used 48783K [0x0000000080000000, 0x0000000084300000, 0x00000000d5580000)
  object space 68608K, 71% used [0x0000000080000000,0x0000000082fa3ef8,0x0000000084300000)
 Metaspace       used 60665K, committed 62144K, reserved 1114112K
  class space    used 6454K, committed 7104K, reserved 1048576K
}
Event: 24.163 GC heap after
{Heap after GC invocations=67 (full 3):
 PSYoungGen      total 17920K, used 1023K [0x00000000d5580000, 0x00000000d6d80000, 0x0000000100000000)
  eden space 16896K, 0% used [0x00000000d5580000,0x00000000d5580000,0x00000000d6600000)
  from space 1024K, 99% used [0x00000000d6900000,0x00000000d69fffd8,0x00000000d6a00000)
  to   space 3072K, 0% used [0x00000000d6600000,0x00000000d6600000,0x00000000d6900000)
 ParOldGen       total 68608K, used 50285K [0x0000000080000000, 0x0000000084300000, 0x00000000d5580000)
  object space 68608K, 73% used [0x0000000080000000,0x000000008311b730,0x0000000084300000)
 Metaspace       used 60665K, committed 62144K, reserved 1114112K
  class space    used 6454K, committed 7104K, reserved 1048576K
}
Event: 24.279 GC heap before
{Heap before GC invocations=68 (full 3):
 PSYoungGen      total 17920K, used 17919K [0x00000000d5580000, 0x00000000d6d80000, 0x0000000100000000)
  eden space 16896K, 100% used [0x00000000d5580000,0x00000000d6600000,0x00000000d6600000)
  from space 1024K, 99% used [0x00000000d6900000,0x00000000d69fffd8,0x00000000d6a00000)
  to   space 3072K, 0% used [0x00000000d6600000,0x00000000d6600000,0x00000000d6900000)
 ParOldGen       total 68608K, used 50285K [0x0000000080000000, 0x0000000084300000, 0x00000000d5580000)
  object space 68608K, 73% used [0x0000000080000000,0x000000008311b730,0x0000000084300000)
 Metaspace       used 60898K, committed 62400K, reserved 1114112K
  class space    used 6488K, committed 7168K, reserved 1048576K
}
Event: 24.282 GC heap after
{Heap after GC invocations=68 (full 3):
 PSYoungGen      total 18432K, used 1118K [0x00000000d5580000, 0x00000000d6a00000, 0x0000000100000000)
  eden space 16896K, 0% used [0x00000000d5580000,0x00000000d5580000,0x00000000d6600000)
  from space 1536K, 72% used [0x00000000d6600000,0x00000000d6717a88,0x00000000d6780000)
  to   space 2048K, 0% used [0x00000000d6800000,0x00000000d6800000,0x00000000d6a00000)
 ParOldGen       total 68608K, used 51232K [0x0000000080000000, 0x0000000084300000, 0x00000000d5580000)
  object space 68608K, 74% used [0x0000000080000000,0x0000000083208298,0x0000000084300000)
 Metaspace       used 60898K, committed 62400K, reserved 1114112K
  class space    used 6488K, committed 7168K, reserved 1048576K
}
Event: 24.640 GC heap before
{Heap before GC invocations=69 (full 3):
 PSYoungGen      total 18432K, used 17991K [0x00000000d5580000, 0x00000000d6a00000, 0x0000000100000000)
  eden space 16896K, 99% used [0x00000000d5580000,0x00000000d65fa4d8,0x00000000d6600000)
  from space 1536K, 72% used [0x00000000d6600000,0x00000000d6717a88,0x00000000d6780000)
  to   space 2048K, 0% used [0x00000000d6800000,0x00000000d6800000,0x00000000d6a00000)
 ParOldGen       total 68608K, used 51232K [0x0000000080000000, 0x0000000084300000, 0x00000000d5580000)
  object space 68608K, 74% used [0x0000000080000000,0x0000000083208298,0x0000000084300000)
 Metaspace       used 61545K, committed 62976K, reserved 1114112K
  class space    used 6543K, committed 7168K, reserved 1048576K
}
Event: 24.643 GC heap after
{Heap after GC invocations=69 (full 3):
 PSYoungGen      total 17408K, used 500K [0x00000000d5580000, 0x00000000d6880000, 0x0000000100000000)
  eden space 16896K, 0% used [0x00000000d5580000,0x00000000d5580000,0x00000000d6600000)
  from space 512K, 97% used [0x00000000d6800000,0x00000000d687d200,0x00000000d6880000)
  to   space 1024K, 0% used [0x00000000d6680000,0x00000000d6680000,0x00000000d6780000)
 ParOldGen       total 68608K, used 52075K [0x0000000080000000, 0x0000000084300000, 0x00000000d5580000)
  object space 68608K, 75% used [0x0000000080000000,0x00000000832dade0,0x0000000084300000)
 Metaspace       used 61545K, committed 62976K, reserved 1114112K
  class space    used 6543K, committed 7168K, reserved 1048576K
}
Event: 25.026 GC heap before
{Heap before GC invocations=70 (full 3):
 PSYoungGen      total 17408K, used 17396K [0x00000000d5580000, 0x00000000d6880000, 0x0000000100000000)
  eden space 16896K, 99% used [0x00000000d5580000,0x00000000d65ffff0,0x00000000d6600000)
  from space 512K, 97% used [0x00000000d6800000,0x00000000d687d200,0x00000000d6880000)
  to   space 1024K, 0% used [0x00000000d6680000,0x00000000d6680000,0x00000000d6780000)
 ParOldGen       total 68608K, used 52075K [0x0000000080000000, 0x0000000084300000, 0x00000000d5580000)
  object space 68608K, 75% used [0x0000000080000000,0x00000000832dade0,0x0000000084300000)
 Metaspace       used 61752K, committed 63232K, reserved 1114112K
  class space    used 6556K, committed 7168K, reserved 1048576K
}
Event: 25.030 GC heap after
{Heap after GC invocations=70 (full 3):
 PSYoungGen      total 17920K, used 1015K [0x00000000d5580000, 0x00000000d7100000, 0x0000000100000000)
  eden space 16896K, 0% used [0x00000000d5580000,0x00000000d5580000,0x00000000d6600000)
  from space 1024K, 99% used [0x00000000d6680000,0x00000000d677dfb0,0x00000000d6780000)
  to   space 5632K, 0% used [0x00000000d6b80000,0x00000000d6b80000,0x00000000d7100000)
 ParOldGen       total 68608K, used 55586K [0x0000000080000000, 0x0000000084300000, 0x00000000d5580000)
  object space 68608K, 81% used [0x0000000080000000,0x0000000083648900,0x0000000084300000)
 Metaspace       used 61752K, committed 63232K, reserved 1114112K
  class space    used 6556K, committed 7168K, reserved 1048576K
}
Event: 93.311 GC heap before
{Heap before GC invocations=71 (full 3):
 PSYoungGen      total 17920K, used 17911K [0x00000000d5580000, 0x00000000d7100000, 0x0000000100000000)
  eden space 16896K, 100% used [0x00000000d5580000,0x00000000d6600000,0x00000000d6600000)
  from space 1024K, 99% used [0x00000000d6680000,0x00000000d677dfb0,0x00000000d6780000)
  to   space 5632K, 0% used [0x00000000d6b80000,0x00000000d6b80000,0x00000000d7100000)
 ParOldGen       total 68608K, used 55586K [0x0000000080000000, 0x0000000084300000, 0x00000000d5580000)
  object space 68608K, 81% used [0x0000000080000000,0x0000000083648900,0x0000000084300000)
 Metaspace       used 62830K, committed 64320K, reserved 1114112K
  class space    used 6613K, committed 7296K, reserved 1048576K
}
Event: 93.316 GC heap after
{Heap after GC invocations=71 (full 3):
 PSYoungGen      total 19456K, used 2228K [0x00000000d5580000, 0x00000000d6e00000, 0x0000000100000000)
  eden space 16896K, 0% used [0x00000000d5580000,0x00000000d5580000,0x00000000d6600000)
  from space 2560K, 87% used [0x00000000d6b80000,0x00000000d6dad2f0,0x00000000d6e00000)
  to   space 3072K, 0% used [0x00000000d6800000,0x00000000d6800000,0x00000000d6b00000)
 ParOldGen       total 68608K, used 56602K [0x0000000080000000, 0x0000000084300000, 0x00000000d5580000)
  object space 68608K, 82% used [0x0000000080000000,0x0000000083746a08,0x0000000084300000)
 Metaspace       used 62830K, committed 64320K, reserved 1114112K
  class space    used 6613K, committed 7296K, reserved 1048576K
}
Event: 187.178 GC heap before
{Heap before GC invocations=72 (full 3):
 PSYoungGen      total 19456K, used 19124K [0x00000000d5580000, 0x00000000d6e00000, 0x0000000100000000)
  eden space 16896K, 100% used [0x00000000d5580000,0x00000000d6600000,0x00000000d6600000)
  from space 2560K, 87% used [0x00000000d6b80000,0x00000000d6dad2f0,0x00000000d6e00000)
  to   space 3072K, 0% used [0x00000000d6800000,0x00000000d6800000,0x00000000d6b00000)
 ParOldGen       total 68608K, used 56602K [0x0000000080000000, 0x0000000084300000, 0x00000000d5580000)
  object space 68608K, 82% used [0x0000000080000000,0x0000000083746a08,0x0000000084300000)
 Metaspace       used 63520K, committed 65024K, reserved 1114112K
  class space    used 6669K, committed 7360K, reserved 1048576K
}
Event: 187.181 GC heap after
{Heap after GC invocations=72 (full 3):
 PSYoungGen      total 17920K, used 954K [0x00000000d5580000, 0x00000000d6c00000, 0x0000000100000000)
  eden space 16896K, 0% used [0x00000000d5580000,0x00000000d5580000,0x00000000d6600000)
  from space 1024K, 93% used [0x00000000d6800000,0x00000000d68ee920,0x00000000d6900000)
  to   space 2048K, 0% used [0x00000000d6a00000,0x00000000d6a00000,0x00000000d6c00000)
 ParOldGen       total 68608K, used 58059K [0x0000000080000000, 0x0000000084300000, 0x00000000d5580000)
  object space 68608K, 84% used [0x0000000080000000,0x00000000838b2c28,0x0000000084300000)
 Metaspace       used 63520K, committed 65024K, reserved 1114112K
  class space    used 6669K, committed 7360K, reserved 1048576K
}
Event: 196.040 GC heap before
{Heap before GC invocations=73 (full 3):
 PSYoungGen      total 17920K, used 17850K [0x00000000d5580000, 0x00000000d6c00000, 0x0000000100000000)
  eden space 16896K, 100% used [0x00000000d5580000,0x00000000d6600000,0x00000000d6600000)
  from space 1024K, 93% used [0x00000000d6800000,0x00000000d68ee920,0x00000000d6900000)
  to   space 2048K, 0% used [0x00000000d6a00000,0x00000000d6a00000,0x00000000d6c00000)
 ParOldGen       total 68608K, used 58059K [0x0000000080000000, 0x0000000084300000, 0x00000000d5580000)
  object space 68608K, 84% used [0x0000000080000000,0x00000000838b2c28,0x0000000084300000)
 Metaspace       used 64319K, committed 65920K, reserved 1114112K
  class space    used 6740K, committed 7488K, reserved 1048576K
}
Event: 196.041 GC heap after
{Heap after GC invocations=73 (full 3):
 PSYoungGen      total 17920K, used 724K [0x00000000d5580000, 0x00000000d6b00000, 0x0000000100000000)
  eden space 16896K, 0% used [0x00000000d5580000,0x00000000d5580000,0x00000000d6600000)
  from space 1024K, 70% used [0x00000000d6a00000,0x00000000d6ab5200,0x00000000d6b00000)
  to   space 1024K, 0% used [0x00000000d6800000,0x00000000d6800000,0x00000000d6900000)
 ParOldGen       total 68608K, used 58195K [0x0000000080000000, 0x0000000084300000, 0x00000000d5580000)
  object space 68608K, 84% used [0x0000000080000000,0x00000000838d4c48,0x0000000084300000)
 Metaspace       used 64319K, committed 65920K, reserved 1114112K
  class space    used 6740K, committed 7488K, reserved 1048576K
}
Event: 233.945 GC heap before
{Heap before GC invocations=74 (full 3):
 PSYoungGen      total 17920K, used 17595K [0x00000000d5580000, 0x00000000d6b00000, 0x0000000100000000)
  eden space 16896K, 99% used [0x00000000d5580000,0x00000000d65f9bc8,0x00000000d6600000)
  from space 1024K, 70% used [0x00000000d6a00000,0x00000000d6ab5200,0x00000000d6b00000)
  to   space 1024K, 0% used [0x00000000d6800000,0x00000000d6800000,0x00000000d6900000)
 ParOldGen       total 68608K, used 58195K [0x0000000080000000, 0x0000000084300000, 0x00000000d5580000)
  object space 68608K, 84% used [0x0000000080000000,0x00000000838d4c48,0x0000000084300000)
 Metaspace       used 64585K, committed 66176K, reserved 1114112K
  class space    used 6749K, committed 7488K, reserved 1048576K
}
Event: 233.946 GC heap after
{Heap after GC invocations=74 (full 3):
 PSYoungGen      total 17920K, used 186K [0x00000000d5580000, 0x00000000d6a80000, 0x0000000100000000)
  eden space 16896K, 0% used [0x00000000d5580000,0x00000000d5580000,0x00000000d6600000)
  from space 1024K, 18% used [0x00000000d6800000,0x00000000d682e900,0x00000000d6900000)
  to   space 512K, 0% used [0x00000000d6a00000,0x00000000d6a00000,0x00000000d6a80000)
 ParOldGen       total 68608K, used 58315K [0x0000000080000000, 0x0000000084300000, 0x00000000d5580000)
  object space 68608K, 84% used [0x0000000080000000,0x00000000838f2c48,0x0000000084300000)
 Metaspace       used 64585K, committed 66176K, reserved 1114112K
  class space    used 6749K, committed 7488K, reserved 1048576K
}
Event: 237.624 GC heap before
{Heap before GC invocations=75 (full 3):
 PSYoungGen      total 17920K, used 17082K [0x00000000d5580000, 0x00000000d6a80000, 0x0000000100000000)
  eden space 16896K, 100% used [0x00000000d5580000,0x00000000d6600000,0x00000000d6600000)
  from space 1024K, 18% used [0x00000000d6800000,0x00000000d682e900,0x00000000d6900000)
  to   space 512K, 0% used [0x00000000d6a00000,0x00000000d6a00000,0x00000000d6a80000)
 ParOldGen       total 68608K, used 58315K [0x0000000080000000, 0x0000000084300000, 0x00000000d5580000)
  object space 68608K, 84% used [0x0000000080000000,0x00000000838f2c48,0x0000000084300000)
 Metaspace       used 66556K, committed 68096K, reserved 1114112K
  class space    used 6968K, committed 7680K, reserved 1048576K
}
Event: 237.626 GC heap after
{Heap after GC invocations=75 (full 3):
 PSYoungGen      total 17408K, used 497K [0x00000000d5580000, 0x00000000d6a80000, 0x0000000100000000)
  eden space 16896K, 0% used [0x00000000d5580000,0x00000000d5580000,0x00000000d6600000)
  from space 512K, 97% used [0x00000000d6a00000,0x00000000d6a7c5d0,0x00000000d6a80000)
  to   space 1024K, 0% used [0x00000000d6880000,0x00000000d6880000,0x00000000d6980000)
 ParOldGen       total 68608K, used 58411K [0x0000000080000000, 0x0000000084300000, 0x00000000d5580000)
  object space 68608K, 85% used [0x0000000080000000,0x000000008390ac48,0x0000000084300000)
 Metaspace       used 66556K, committed 68096K, reserved 1114112K
  class space    used 6968K, committed 7680K, reserved 1048576K
}
Event: 347.403 GC heap before
{Heap before GC invocations=76 (full 3):
 PSYoungGen      total 17408K, used 17393K [0x00000000d5580000, 0x00000000d6a80000, 0x0000000100000000)
  eden space 16896K, 100% used [0x00000000d5580000,0x00000000d6600000,0x00000000d6600000)
  from space 512K, 97% used [0x00000000d6a00000,0x00000000d6a7c5d0,0x00000000d6a80000)
  to   space 1024K, 0% used [0x00000000d6880000,0x00000000d6880000,0x00000000d6980000)
 ParOldGen       total 68608K, used 58411K [0x0000000080000000, 0x0000000084300000, 0x00000000d5580000)
  object space 68608K, 85% used [0x0000000080000000,0x000000008390ac48,0x0000000084300000)
 Metaspace       used 68191K, committed 69760K, reserved 1114112K
  class space    used 7231K, committed 7936K, reserved 1048576K
}
Event: 347.405 GC heap after
{Heap after GC invocations=76 (full 3):
 PSYoungGen      total 17920K, used 704K [0x00000000d5580000, 0x00000000d6a80000, 0x0000000100000000)
  eden space 16896K, 0% used [0x00000000d5580000,0x00000000d5580000,0x00000000d6600000)
  from space 1024K, 68% used [0x00000000d6880000,0x00000000d6930088,0x00000000d6980000)
  to   space 1024K, 0% used [0x00000000d6980000,0x00000000d6980000,0x00000000d6a80000)
 ParOldGen       total 68608K, used 58834K [0x0000000080000000, 0x0000000084300000, 0x00000000d5580000)
  object space 68608K, 85% used [0x0000000080000000,0x0000000083974840,0x0000000084300000)
 Metaspace       used 68191K, committed 69760K, reserved 1114112K
  class space    used 7231K, committed 7936K, reserved 1048576K
}

